<?xml version="1.0" encoding="UTF-8"?>
<!-- Generated by org.testng.reporters.JUnitReportReporter -->
<testsuite hostname="DESKTOP-O3EB139" failures="0" tests="1" name="alerts.UploadTest" time="1.110" errors="0" timestamp="2021-11-14T13:27:18 EET" skipped="0">
  <testcase classname="alerts.UploadTest" name="testFileUpload" time="1.110"/>
  <system-out/>
</testsuite> <!-- alerts.UploadTest -->
