<?xml version="1.0" encoding="UTF-8"?>
<!-- Generated by org.testng.reporters.JUnitReportReporter -->
<testsuite hostname="DESKTOP-O3EB139" failures="0" tests="1" name="brokenImages.BrokenImagesTest" time="0.697" errors="0" timestamp="2021-11-14T13:27:18 EET" skipped="0">
  <testcase classname="brokenImages.BrokenImagesTest" name="testBrokenImages" time="0.697"/>
  <system-out/>
</testsuite> <!-- brokenImages.BrokenImagesTest -->
