<?xml version="1.0" encoding="UTF-8"?>
<!-- Generated by org.testng.reporters.JUnitReportReporter -->
<testsuite hostname="DESKTOP-O3EB139" failures="0" tests="1" name="frames.FrameTest" time="1.997" errors="0" timestamp="2021-11-14T13:27:18 EET" skipped="0">
  <testcase classname="frames.FrameTest" name="TestWysiwyg" time="1.997"/>
  <system-out/>
</testsuite> <!-- frames.FrameTest -->
